<?xml version="1.0" encoding="UTF-8"?>
<!-- Generated by org.testng.reporters.JUnitReportReporter -->
<testsuite skipped="0" hostname="SSTPR043" name="GitHub.Project.sample" tests="3" failures="0" timestamp="09 Aug 2019 06:40:20 GMT" time="0.008" errors="0">
  <testcase name="Dashboard" time="0.002" classname="GitHub.Project.sample"/>
  <testcase name="Home" time="0.001" classname="GitHub.Project.sample"/>
  <testcase name="Browser" time="0.005" classname="GitHub.Project.sample"/>
</testsuite> <!-- GitHub.Project.sample -->
